2019-04-24 09:04:10.5334 | 9884 | iisexpress | DEBUG | GoodsHandler | GoodsHandler.GetPopularGoodsList : 2313 | In | 
2019-04-24 09:04:10.5623 | 9884 | iisexpress | DEBUG | GoodsHandler | GoodsHandler.GetPopularGoodsList : 2325 | Out | 
2019-04-24 09:21:38.5920 | 9884 | iisexpress | ERROR | ASP.global_asax | ASP.global_asax.Application_Error : 41 | Error Url=localhost,  Message=
 에러 발생 원인 : System.Web
 에러 메시지    : 서버 태그에는 <% ... %> 구문을 사용할 수 없습니다.
 Stack Trace    :    위치: System.Web.UI.TemplateParser.ParseString(String text, VirtualPath virtualPath, Encoding fileEncoding)
   위치: System.Web.UI.TemplateParser.ParseFile(String physicalPath, VirtualPath virtualPath)
   위치: System.Web.UI.TemplateParser.ParseInternal()
   위치: System.Web.UI.TemplateParser.Parse()
   위치: System.Web.Compilation.BaseTemplateBuildProvider.get_CodeCompilerType()
   위치: System.Web.Compilation.BuildProvider.GetCompilerTypeFromBuildProvider(BuildProvider buildProvider)
   위치: System.Web.Compilation.BuildProvidersCompiler.ProcessBuildProviders()
   위치: System.Web.Compilation.BuildProvidersCompiler.PerformBuild()
   위치: System.Web.Compilation.BuildManager.CompileWebFile(VirtualPath virtualPath)
   위치: System.Web.Compilation.BuildManager.GetVPathBuildResultInternal(VirtualPath virtualPath, Boolean noBuild, Boolean allowCrossApp, Boolean allowBuildInPrecompile, Boolean throwIfNotFound, Boolean ensureIsUpToDate)
   위치: System.Web.Compilation.BuildManager.GetVPathBuildResultWithNoAssert(HttpContext context, VirtualPath virtualPath, Boolean noBuild, Boolean allowCrossApp, Boolean allowBuildInPrecompile, Boolean throwIfNotFound, Boolean ensureIsUpToDate)
   위치: System.Web.Compilation.BuildManager.GetVirtualPathObjectFactory(VirtualPath virtualPath, HttpContext context, Boolean allowCrossApp, Boolean throwIfNotFound)
   위치: System.Web.Compilation.BuildManager.CreateInstanceFromVirtualPath(VirtualPath virtualPath, Type requiredBaseType, HttpContext context, Boolean allowCrossApp)
   위치: System.Web.UI.PageHandlerFactory.GetHandlerHelper(HttpContext context, String requestType, VirtualPath virtualPath, String physicalPath)
   위치: System.Web.UI.PageHandlerFactory.GetHandler(HttpContext context, String requestType, String virtualPath, String path)
   위치: System.Web.HttpApplication.MaterializeHandlerExecutionStep.System.Web.HttpApplication.IExecutionStep.Execute()
   위치: System.Web.HttpApplication.ExecuteStepImpl(IExecutionStep step)
   위치: System.Web.HttpApplication.ExecuteStep(IExecutionStep step, Boolean& completedSynchronously)
 내부 오류      : System.Web.HttpException (0x80004005): 서버 태그에는 <% ... %> 구문을 사용할 수 없습니다.
   위치: System.Web.UI.TemplateParser.ProcessError(String message)
   위치: System.Web.UI.TemplateParser.DetectSpecialServerTagError(String text, Int32 textPos)
   위치: System.Web.UI.TemplateParser.ParseStringInternal(String text, Encoding fileEncoding)
   위치: System.Web.UI.TemplateParser.ParseString(String text, VirtualPath virtualPath, Encoding fileEncoding) | 
2019-04-24 09:21:38.6060 | 9884 | iisexpress | ERROR | ASP.global_asax | ASP.global_asax.Application_Error : 41 | Error Url=localhost,  Message=
 에러 발생 원인 : System.Web
 에러 메시지    : 서버 태그에는 <% ... %> 구문을 사용할 수 없습니다.
 Stack Trace    :    위치: System.Web.UI.TemplateParser.ParseString(String text, VirtualPath virtualPath, Encoding fileEncoding)
   위치: System.Web.UI.TemplateParser.ParseFile(String physicalPath, VirtualPath virtualPath)
   위치: System.Web.UI.TemplateParser.ParseInternal()
   위치: System.Web.UI.TemplateParser.Parse()
   위치: System.Web.Compilation.BaseTemplateBuildProvider.get_CodeCompilerType()
   위치: System.Web.Compilation.BuildProvider.GetCompilerTypeFromBuildProvider(BuildProvider buildProvider)
   위치: System.Web.Compilation.BuildProvidersCompiler.ProcessBuildProviders()
   위치: System.Web.Compilation.BuildProvidersCompiler.PerformBuild()
   위치: System.Web.Compilation.BuildManager.CompileWebFile(VirtualPath virtualPath)
   위치: System.Web.Compilation.BuildManager.GetVPathBuildResultInternal(VirtualPath virtualPath, Boolean noBuild, Boolean allowCrossApp, Boolean allowBuildInPrecompile, Boolean throwIfNotFound, Boolean ensureIsUpToDate)
   위치: System.Web.Compilation.BuildManager.GetVPathBuildResultWithNoAssert(HttpContext context, VirtualPath virtualPath, Boolean noBuild, Boolean allowCrossApp, Boolean allowBuildInPrecompile, Boolean throwIfNotFound, Boolean ensureIsUpToDate)
   위치: System.Web.Compilation.BuildManager.GetVirtualPathObjectFactory(VirtualPath virtualPath, HttpContext context, Boolean allowCrossApp, Boolean throwIfNotFound)
   위치: Microsoft.AspNet.FriendlyUrls.Abstractions.BuildManagerWrapper.GetObjectFactory(String virtualPath, Boolean throwIfNotFound)
   위치: Microsoft.AspNet.FriendlyUrls.FriendlyUrlRoute.GetWebObjectFactory(HttpContextBase httpContext, String modifiedVirtualPath)
   위치: Microsoft.AspNet.FriendlyUrls.FriendlyUrlRoute.Resolve(HttpContextBase httpContext, IList`1 extensions, String virtualPathOverride, IFriendlyUrlRouteSupportFunctions supportFunctions)
   위치: Microsoft.AspNet.FriendlyUrls.FriendlyUrlRoute.Microsoft.AspNet.FriendlyUrls.Abstractions.IFriendlyUrlRouteSupportFunctions.Resolve(HttpContextBase httpContext, IList`1 extensions, String virtualPathOverride)
   위치: Microsoft.AspNet.FriendlyUrls.FriendlyUrlRoute.GetRouteData(HttpContextBase httpContext, String pathOverride, IFriendlyUrlRouteSupportFunctions supportFunctions)
   위치: Microsoft.AspNet.FriendlyUrls.FriendlyUrlRoute.GetRouteData(HttpContextBase httpContext)
   위치: System.Web.Routing.RouteCollection.GetRouteData(HttpContextBase httpContext)
   위치: System.Web.Routing.UrlRoutingModule.PostResolveRequestCache(HttpContextBase context)
   위치: System.Web.Routing.UrlRoutingModule.OnApplicationPostResolveRequestCache(Object sender, EventArgs e)
   위치: System.Web.HttpApplication.SyncEventExecutionStep.System.Web.HttpApplication.IExecutionStep.Execute()
   위치: System.Web.HttpApplication.ExecuteStepImpl(IExecutionStep step)
   위치: System.Web.HttpApplication.ExecuteStep(IExecutionStep step, Boolean& completedSynchronously)
 내부 오류      : System.Web.HttpException (0x80004005): 서버 태그에는 <% ... %> 구문을 사용할 수 없습니다.
   위치: System.Web.UI.TemplateParser.ProcessError(String message)
   위치: System.Web.UI.TemplateParser.DetectSpecialServerTagError(String text, Int32 textPos)
   위치: System.Web.UI.TemplateParser.ParseStringInternal(String text, Encoding fileEncoding)
   위치: System.Web.UI.TemplateParser.ParseString(String text, VirtualPath virtualPath, Encoding fileEncoding) | 
2019-04-24 09:22:05.6112 | 9884 | iisexpress | ERROR | ASP.global_asax | ASP.global_asax.Application_Error : 41 | Error Url=localhost,  Message=
 에러 발생 원인 : System.Web
 에러 메시지    : '/Test/Board_B_View.aspx' 파일이 없습니다.
 Stack Trace    :    위치: System.Web.UI.Util.CheckVirtualFileExists(VirtualPath virtualPath)
   위치: System.Web.Compilation.BuildManager.GetVPathBuildResultInternal(VirtualPath virtualPath, Boolean noBuild, Boolean allowCrossApp, Boolean allowBuildInPrecompile, Boolean throwIfNotFound, Boolean ensureIsUpToDate)
   위치: System.Web.Compilation.BuildManager.GetVPathBuildResultWithNoAssert(HttpContext context, VirtualPath virtualPath, Boolean noBuild, Boolean allowCrossApp, Boolean allowBuildInPrecompile, Boolean throwIfNotFound, Boolean ensureIsUpToDate)
   위치: System.Web.Compilation.BuildManager.GetVirtualPathObjectFactory(VirtualPath virtualPath, HttpContext context, Boolean allowCrossApp, Boolean throwIfNotFound)
   위치: System.Web.Compilation.BuildManager.CreateInstanceFromVirtualPath(VirtualPath virtualPath, Type requiredBaseType, HttpContext context, Boolean allowCrossApp)
   위치: System.Web.UI.PageHandlerFactory.GetHandlerHelper(HttpContext context, String requestType, VirtualPath virtualPath, String physicalPath)
   위치: System.Web.UI.PageHandlerFactory.GetHandler(HttpContext context, String requestType, String virtualPath, String path)
   위치: System.Web.HttpApplication.MaterializeHandlerExecutionStep.System.Web.HttpApplication.IExecutionStep.Execute()
   위치: System.Web.HttpApplication.ExecuteStepImpl(IExecutionStep step)
   위치: System.Web.HttpApplication.ExecuteStep(IExecutionStep step, Boolean& completedSynchronously)
 내부 오류      :  | 
2019-04-24 09:22:22.4861 | 9884 | iisexpress | ERROR | ASP.global_asax | ASP.global_asax.Application_Error : 41 | Error Url=localhost,  Message=
 에러 발생 원인 : System.Web
 에러 메시지    : 서버 태그에는 <% ... %> 구문을 사용할 수 없습니다.
 Stack Trace    :    위치: System.Web.UI.TemplateParser.ParseString(String text, VirtualPath virtualPath, Encoding fileEncoding)
   위치: System.Web.UI.TemplateParser.ParseFile(String physicalPath, VirtualPath virtualPath)
   위치: System.Web.UI.TemplateParser.ParseInternal()
   위치: System.Web.UI.TemplateParser.Parse()
   위치: System.Web.Compilation.BaseTemplateBuildProvider.get_CodeCompilerType()
   위치: System.Web.Compilation.BuildProvider.GetCompilerTypeFromBuildProvider(BuildProvider buildProvider)
   위치: System.Web.Compilation.BuildProvidersCompiler.ProcessBuildProviders()
   위치: System.Web.Compilation.BuildProvidersCompiler.PerformBuild()
   위치: System.Web.Compilation.BuildManager.CompileWebFile(VirtualPath virtualPath)
   위치: System.Web.Compilation.BuildManager.GetVPathBuildResultInternal(VirtualPath virtualPath, Boolean noBuild, Boolean allowCrossApp, Boolean allowBuildInPrecompile, Boolean throwIfNotFound, Boolean ensureIsUpToDate)
   위치: System.Web.Compilation.BuildManager.GetVPathBuildResultWithNoAssert(HttpContext context, VirtualPath virtualPath, Boolean noBuild, Boolean allowCrossApp, Boolean allowBuildInPrecompile, Boolean throwIfNotFound, Boolean ensureIsUpToDate)
   위치: System.Web.Compilation.BuildManager.GetVirtualPathObjectFactory(VirtualPath virtualPath, HttpContext context, Boolean allowCrossApp, Boolean throwIfNotFound)
   위치: Microsoft.AspNet.FriendlyUrls.Abstractions.BuildManagerWrapper.GetObjectFactory(String virtualPath, Boolean throwIfNotFound)
   위치: Microsoft.AspNet.FriendlyUrls.FriendlyUrlRoute.GetWebObjectFactory(HttpContextBase httpContext, String modifiedVirtualPath)
   위치: Microsoft.AspNet.FriendlyUrls.FriendlyUrlRoute.Resolve(HttpContextBase httpContext, IList`1 extensions, String virtualPathOverride, IFriendlyUrlRouteSupportFunctions supportFunctions)
   위치: Microsoft.AspNet.FriendlyUrls.FriendlyUrlRoute.Microsoft.AspNet.FriendlyUrls.Abstractions.IFriendlyUrlRouteSupportFunctions.Resolve(HttpContextBase httpContext, IList`1 extensions, String virtualPathOverride)
   위치: Microsoft.AspNet.FriendlyUrls.FriendlyUrlRoute.GetRouteData(HttpContextBase httpContext, String pathOverride, IFriendlyUrlRouteSupportFunctions supportFunctions)
   위치: Microsoft.AspNet.FriendlyUrls.FriendlyUrlRoute.GetRouteData(HttpContextBase httpContext)
   위치: System.Web.Routing.RouteCollection.GetRouteData(HttpContextBase httpContext)
   위치: System.Web.Routing.UrlRoutingModule.PostResolveRequestCache(HttpContextBase context)
   위치: System.Web.Routing.UrlRoutingModule.OnApplicationPostResolveRequestCache(Object sender, EventArgs e)
   위치: System.Web.HttpApplication.SyncEventExecutionStep.System.Web.HttpApplication.IExecutionStep.Execute()
   위치: System.Web.HttpApplication.ExecuteStepImpl(IExecutionStep step)
   위치: System.Web.HttpApplication.ExecuteStep(IExecutionStep step, Boolean& completedSynchronously)
 내부 오류      : System.Web.HttpException (0x80004005): 서버 태그에는 <% ... %> 구문을 사용할 수 없습니다.
   위치: System.Web.UI.TemplateParser.ProcessError(String message)
   위치: System.Web.UI.TemplateParser.DetectSpecialServerTagError(String text, Int32 textPos)
   위치: System.Web.UI.TemplateParser.ParseStringInternal(String text, Encoding fileEncoding)
   위치: System.Web.UI.TemplateParser.ParseString(String text, VirtualPath virtualPath, Encoding fileEncoding) | 
2019-04-24 09:23:58.7941 | 9884 | iisexpress | ERROR | ASP.global_asax | ASP.global_asax.Application_Error : 41 | Error Url=localhost,  Message=
 에러 발생 원인 : System.Web
 에러 메시지    : 서버 태그에는 <% ... %> 구문을 사용할 수 없습니다.
 Stack Trace    :    위치: System.Web.UI.TemplateParser.ParseString(String text, VirtualPath virtualPath, Encoding fileEncoding)
   위치: System.Web.UI.TemplateParser.ParseFile(String physicalPath, VirtualPath virtualPath)
   위치: System.Web.UI.TemplateParser.ParseInternal()
   위치: System.Web.UI.TemplateParser.Parse()
   위치: System.Web.Compilation.BaseTemplateBuildProvider.get_CodeCompilerType()
   위치: System.Web.Compilation.BuildProvider.GetCompilerTypeFromBuildProvider(BuildProvider buildProvider)
   위치: System.Web.Compilation.BuildProvidersCompiler.ProcessBuildProviders()
   위치: System.Web.Compilation.BuildProvidersCompiler.PerformBuild()
   위치: System.Web.Compilation.BuildManager.CompileWebFile(VirtualPath virtualPath)
   위치: System.Web.Compilation.BuildManager.GetVPathBuildResultInternal(VirtualPath virtualPath, Boolean noBuild, Boolean allowCrossApp, Boolean allowBuildInPrecompile, Boolean throwIfNotFound, Boolean ensureIsUpToDate)
   위치: System.Web.Compilation.BuildManager.GetVPathBuildResultWithNoAssert(HttpContext context, VirtualPath virtualPath, Boolean noBuild, Boolean allowCrossApp, Boolean allowBuildInPrecompile, Boolean throwIfNotFound, Boolean ensureIsUpToDate)
   위치: System.Web.Compilation.BuildManager.GetVirtualPathObjectFactory(VirtualPath virtualPath, HttpContext context, Boolean allowCrossApp, Boolean throwIfNotFound)
   위치: System.Web.Compilation.BuildManager.CreateInstanceFromVirtualPath(VirtualPath virtualPath, Type requiredBaseType, HttpContext context, Boolean allowCrossApp)
   위치: System.Web.UI.PageHandlerFactory.GetHandlerHelper(HttpContext context, String requestType, VirtualPath virtualPath, String physicalPath)
   위치: System.Web.UI.PageHandlerFactory.GetHandler(HttpContext context, String requestType, String virtualPath, String path)
   위치: System.Web.HttpApplication.MaterializeHandlerExecutionStep.System.Web.HttpApplication.IExecutionStep.Execute()
   위치: System.Web.HttpApplication.ExecuteStepImpl(IExecutionStep step)
   위치: System.Web.HttpApplication.ExecuteStep(IExecutionStep step, Boolean& completedSynchronously)
 내부 오류      : System.Web.HttpException (0x80004005): 서버 태그에는 <% ... %> 구문을 사용할 수 없습니다.
   위치: System.Web.UI.TemplateParser.ProcessError(String message)
   위치: System.Web.UI.TemplateParser.DetectSpecialServerTagError(String text, Int32 textPos)
   위치: System.Web.UI.TemplateParser.ParseStringInternal(String text, Encoding fileEncoding)
   위치: System.Web.UI.TemplateParser.ParseString(String text, VirtualPath virtualPath, Encoding fileEncoding) | 
2019-04-24 09:23:58.7941 | 9884 | iisexpress | ERROR | ASP.global_asax | ASP.global_asax.Application_Error : 41 | Error Url=localhost,  Message=
 에러 발생 원인 : System.Web
 에러 메시지    : 서버 태그에는 <% ... %> 구문을 사용할 수 없습니다.
 Stack Trace    :    위치: System.Web.UI.TemplateParser.ParseString(String text, VirtualPath virtualPath, Encoding fileEncoding)
   위치: System.Web.UI.TemplateParser.ParseFile(String physicalPath, VirtualPath virtualPath)
   위치: System.Web.UI.TemplateParser.ParseInternal()
   위치: System.Web.UI.TemplateParser.Parse()
   위치: System.Web.Compilation.BaseTemplateBuildProvider.get_CodeCompilerType()
   위치: System.Web.Compilation.BuildProvider.GetCompilerTypeFromBuildProvider(BuildProvider buildProvider)
   위치: System.Web.Compilation.BuildProvidersCompiler.ProcessBuildProviders()
   위치: System.Web.Compilation.BuildProvidersCompiler.PerformBuild()
   위치: System.Web.Compilation.BuildManager.CompileWebFile(VirtualPath virtualPath)
   위치: System.Web.Compilation.BuildManager.GetVPathBuildResultInternal(VirtualPath virtualPath, Boolean noBuild, Boolean allowCrossApp, Boolean allowBuildInPrecompile, Boolean throwIfNotFound, Boolean ensureIsUpToDate)
   위치: System.Web.Compilation.BuildManager.GetVPathBuildResultWithNoAssert(HttpContext context, VirtualPath virtualPath, Boolean noBuild, Boolean allowCrossApp, Boolean allowBuildInPrecompile, Boolean throwIfNotFound, Boolean ensureIsUpToDate)
   위치: System.Web.Compilation.BuildManager.GetVirtualPathObjectFactory(VirtualPath virtualPath, HttpContext context, Boolean allowCrossApp, Boolean throwIfNotFound)
   위치: Microsoft.AspNet.FriendlyUrls.Abstractions.BuildManagerWrapper.GetObjectFactory(String virtualPath, Boolean throwIfNotFound)
   위치: Microsoft.AspNet.FriendlyUrls.FriendlyUrlRoute.GetWebObjectFactory(HttpContextBase httpContext, String modifiedVirtualPath)
   위치: Microsoft.AspNet.FriendlyUrls.FriendlyUrlRoute.Resolve(HttpContextBase httpContext, IList`1 extensions, String virtualPathOverride, IFriendlyUrlRouteSupportFunctions supportFunctions)
   위치: Microsoft.AspNet.FriendlyUrls.FriendlyUrlRoute.Microsoft.AspNet.FriendlyUrls.Abstractions.IFriendlyUrlRouteSupportFunctions.Resolve(HttpContextBase httpContext, IList`1 extensions, String virtualPathOverride)
   위치: Microsoft.AspNet.FriendlyUrls.FriendlyUrlRoute.GetRouteData(HttpContextBase httpContext, String pathOverride, IFriendlyUrlRouteSupportFunctions supportFunctions)
   위치: Microsoft.AspNet.FriendlyUrls.FriendlyUrlRoute.GetRouteData(HttpContextBase httpContext)
   위치: System.Web.Routing.RouteCollection.GetRouteData(HttpContextBase httpContext)
   위치: System.Web.Routing.UrlRoutingModule.PostResolveRequestCache(HttpContextBase context)
   위치: System.Web.Routing.UrlRoutingModule.OnApplicationPostResolveRequestCache(Object sender, EventArgs e)
   위치: System.Web.HttpApplication.SyncEventExecutionStep.System.Web.HttpApplication.IExecutionStep.Execute()
   위치: System.Web.HttpApplication.ExecuteStepImpl(IExecutionStep step)
   위치: System.Web.HttpApplication.ExecuteStep(IExecutionStep step, Boolean& completedSynchronously)
 내부 오류      : System.Web.HttpException (0x80004005): 서버 태그에는 <% ... %> 구문을 사용할 수 없습니다.
   위치: System.Web.UI.TemplateParser.ProcessError(String message)
   위치: System.Web.UI.TemplateParser.DetectSpecialServerTagError(String text, Int32 textPos)
   위치: System.Web.UI.TemplateParser.ParseStringInternal(String text, Encoding fileEncoding)
   위치: System.Web.UI.TemplateParser.ParseString(String text, VirtualPath virtualPath, Encoding fileEncoding) | 
2019-04-24 09:26:06.5257 | 9884 | iisexpress | ERROR | ASP.global_asax | ASP.global_asax.Application_Error : 41 | Error Url=localhost,  Message=
 에러 발생 원인 : System.Web
 에러 메시지    : 서버 태그에는 <% ... %> 구문을 사용할 수 없습니다.
 Stack Trace    :    위치: System.Web.UI.TemplateParser.ParseString(String text, VirtualPath virtualPath, Encoding fileEncoding)
   위치: System.Web.UI.TemplateParser.ParseFile(String physicalPath, VirtualPath virtualPath)
   위치: System.Web.UI.TemplateParser.ParseInternal()
   위치: System.Web.UI.TemplateParser.Parse()
   위치: System.Web.Compilation.BaseTemplateBuildProvider.get_CodeCompilerType()
   위치: System.Web.Compilation.BuildProvider.GetCompilerTypeFromBuildProvider(BuildProvider buildProvider)
   위치: System.Web.Compilation.BuildProvidersCompiler.ProcessBuildProviders()
   위치: System.Web.Compilation.BuildProvidersCompiler.PerformBuild()
   위치: System.Web.Compilation.BuildManager.CompileWebFile(VirtualPath virtualPath)
   위치: System.Web.Compilation.BuildManager.GetVPathBuildResultInternal(VirtualPath virtualPath, Boolean noBuild, Boolean allowCrossApp, Boolean allowBuildInPrecompile, Boolean throwIfNotFound, Boolean ensureIsUpToDate)
   위치: System.Web.Compilation.BuildManager.GetVPathBuildResultWithNoAssert(HttpContext context, VirtualPath virtualPath, Boolean noBuild, Boolean allowCrossApp, Boolean allowBuildInPrecompile, Boolean throwIfNotFound, Boolean ensureIsUpToDate)
   위치: System.Web.Compilation.BuildManager.GetVirtualPathObjectFactory(VirtualPath virtualPath, HttpContext context, Boolean allowCrossApp, Boolean throwIfNotFound)
   위치: Microsoft.AspNet.FriendlyUrls.Abstractions.BuildManagerWrapper.GetObjectFactory(String virtualPath, Boolean throwIfNotFound)
   위치: Microsoft.AspNet.FriendlyUrls.FriendlyUrlRoute.GetWebObjectFactory(HttpContextBase httpContext, String modifiedVirtualPath)
   위치: Microsoft.AspNet.FriendlyUrls.FriendlyUrlRoute.Resolve(HttpContextBase httpContext, IList`1 extensions, String virtualPathOverride, IFriendlyUrlRouteSupportFunctions supportFunctions)
   위치: Microsoft.AspNet.FriendlyUrls.FriendlyUrlRoute.Microsoft.AspNet.FriendlyUrls.Abstractions.IFriendlyUrlRouteSupportFunctions.Resolve(HttpContextBase httpContext, IList`1 extensions, String virtualPathOverride)
   위치: Microsoft.AspNet.FriendlyUrls.FriendlyUrlRoute.GetRouteData(HttpContextBase httpContext, String pathOverride, IFriendlyUrlRouteSupportFunctions supportFunctions)
   위치: Microsoft.AspNet.FriendlyUrls.FriendlyUrlRoute.GetRouteData(HttpContextBase httpContext)
   위치: System.Web.Routing.RouteCollection.GetRouteData(HttpContextBase httpContext)
   위치: System.Web.Routing.UrlRoutingModule.PostResolveRequestCache(HttpContextBase context)
   위치: System.Web.Routing.UrlRoutingModule.OnApplicationPostResolveRequestCache(Object sender, EventArgs e)
   위치: System.Web.HttpApplication.SyncEventExecutionStep.System.Web.HttpApplication.IExecutionStep.Execute()
   위치: System.Web.HttpApplication.ExecuteStepImpl(IExecutionStep step)
   위치: System.Web.HttpApplication.ExecuteStep(IExecutionStep step, Boolean& completedSynchronously)
 내부 오류      : System.Web.HttpException (0x80004005): 서버 태그에는 <% ... %> 구문을 사용할 수 없습니다.
   위치: System.Web.UI.TemplateParser.ProcessError(String message)
   위치: System.Web.UI.TemplateParser.DetectSpecialServerTagError(String text, Int32 textPos)
   위치: System.Web.UI.TemplateParser.ParseStringInternal(String text, Encoding fileEncoding)
   위치: System.Web.UI.TemplateParser.ParseString(String text, VirtualPath virtualPath, Encoding fileEncoding) | 
2019-04-24 10:55:00.8034 | 9884 | iisexpress | ERROR | ASP.global_asax | ASP.global_asax.Application_Error : 41 | Error Url=localhost,  Message=
 에러 발생 원인 : System.Web
 에러 메시지    : d:\Svn\SocialWith\Admin\Goods\GoodsModify.aspx.cs(75): error CS0103: 'fuFile_1' 이름이 현재 컨텍스트에 없습니다.
 Stack Trace    :    위치: System.Web.Compilation.BuildManager.CompileWebFile(VirtualPath virtualPath)
   위치: System.Web.Compilation.BuildManager.GetVPathBuildResultInternal(VirtualPath virtualPath, Boolean noBuild, Boolean allowCrossApp, Boolean allowBuildInPrecompile, Boolean throwIfNotFound, Boolean ensureIsUpToDate)
   위치: System.Web.Compilation.BuildManager.GetVPathBuildResultWithNoAssert(HttpContext context, VirtualPath virtualPath, Boolean noBuild, Boolean allowCrossApp, Boolean allowBuildInPrecompile, Boolean throwIfNotFound, Boolean ensureIsUpToDate)
   위치: System.Web.Compilation.BuildManager.GetVirtualPathObjectFactory(VirtualPath virtualPath, HttpContext context, Boolean allowCrossApp, Boolean throwIfNotFound)
   위치: Microsoft.AspNet.FriendlyUrls.Abstractions.BuildManagerWrapper.GetObjectFactory(String virtualPath, Boolean throwIfNotFound)
   위치: Microsoft.AspNet.FriendlyUrls.FriendlyUrlRoute.GetWebObjectFactory(HttpContextBase httpContext, String modifiedVirtualPath)
   위치: Microsoft.AspNet.FriendlyUrls.FriendlyUrlRoute.Resolve(HttpContextBase httpContext, IList`1 extensions, String virtualPathOverride, IFriendlyUrlRouteSupportFunctions supportFunctions)
   위치: Microsoft.AspNet.FriendlyUrls.FriendlyUrlRoute.Microsoft.AspNet.FriendlyUrls.Abstractions.IFriendlyUrlRouteSupportFunctions.Resolve(HttpContextBase httpContext, IList`1 extensions, String virtualPathOverride)
   위치: Microsoft.AspNet.FriendlyUrls.FriendlyUrlRoute.GetRouteData(HttpContextBase httpContext, String pathOverride, IFriendlyUrlRouteSupportFunctions supportFunctions)
   위치: Microsoft.AspNet.FriendlyUrls.FriendlyUrlRoute.GetRouteData(HttpContextBase httpContext)
   위치: System.Web.Routing.RouteCollection.GetRouteData(HttpContextBase httpContext)
   위치: System.Web.Routing.UrlRoutingModule.PostResolveRequestCache(HttpContextBase context)
   위치: System.Web.Routing.UrlRoutingModule.OnApplicationPostResolveRequestCache(Object sender, EventArgs e)
   위치: System.Web.HttpApplication.SyncEventExecutionStep.System.Web.HttpApplication.IExecutionStep.Execute()
   위치: System.Web.HttpApplication.ExecuteStepImpl(IExecutionStep step)
   위치: System.Web.HttpApplication.ExecuteStep(IExecutionStep step, Boolean& completedSynchronously)
 내부 오류      :  | 
2019-04-24 10:55:15.3523 | 9884 | iisexpress | ERROR | ASP.global_asax | ASP.global_asax.Application_Error : 41 | Error Url=localhost,  Message=
 에러 발생 원인 : System.Web
 에러 메시지    : d:\Svn\SocialWith\Admin\Goods\GoodsModify.aspx.cs(75): error CS0103: 'fuFile_1' 이름이 현재 컨텍스트에 없습니다.
 Stack Trace    :    위치: System.Web.Compilation.BuildManager.CompileWebFile(VirtualPath virtualPath)
   위치: System.Web.Compilation.BuildManager.GetVPathBuildResultInternal(VirtualPath virtualPath, Boolean noBuild, Boolean allowCrossApp, Boolean allowBuildInPrecompile, Boolean throwIfNotFound, Boolean ensureIsUpToDate)
   위치: System.Web.Compilation.BuildManager.GetVPathBuildResultWithNoAssert(HttpContext context, VirtualPath virtualPath, Boolean noBuild, Boolean allowCrossApp, Boolean allowBuildInPrecompile, Boolean throwIfNotFound, Boolean ensureIsUpToDate)
   위치: System.Web.Compilation.BuildManager.GetVirtualPathObjectFactory(VirtualPath virtualPath, HttpContext context, Boolean allowCrossApp, Boolean throwIfNotFound)
   위치: Microsoft.AspNet.FriendlyUrls.Abstractions.BuildManagerWrapper.GetObjectFactory(String virtualPath, Boolean throwIfNotFound)
   위치: Microsoft.AspNet.FriendlyUrls.FriendlyUrlRoute.GetWebObjectFactory(HttpContextBase httpContext, String modifiedVirtualPath)
   위치: Microsoft.AspNet.FriendlyUrls.FriendlyUrlRoute.Resolve(HttpContextBase httpContext, IList`1 extensions, String virtualPathOverride, IFriendlyUrlRouteSupportFunctions supportFunctions)
   위치: Microsoft.AspNet.FriendlyUrls.FriendlyUrlRoute.Microsoft.AspNet.FriendlyUrls.Abstractions.IFriendlyUrlRouteSupportFunctions.Resolve(HttpContextBase httpContext, IList`1 extensions, String virtualPathOverride)
   위치: Microsoft.AspNet.FriendlyUrls.FriendlyUrlRoute.GetRouteData(HttpContextBase httpContext, String pathOverride, IFriendlyUrlRouteSupportFunctions supportFunctions)
   위치: Microsoft.AspNet.FriendlyUrls.FriendlyUrlRoute.GetRouteData(HttpContextBase httpContext)
   위치: System.Web.Routing.RouteCollection.GetRouteData(HttpContextBase httpContext)
   위치: System.Web.Routing.UrlRoutingModule.PostResolveRequestCache(HttpContextBase context)
   위치: System.Web.Routing.UrlRoutingModule.OnApplicationPostResolveRequestCache(Object sender, EventArgs e)
   위치: System.Web.HttpApplication.SyncEventExecutionStep.System.Web.HttpApplication.IExecutionStep.Execute()
   위치: System.Web.HttpApplication.ExecuteStepImpl(IExecutionStep step)
   위치: System.Web.HttpApplication.ExecuteStep(IExecutionStep step, Boolean& completedSynchronously)
 내부 오류      :  | 
2019-04-24 10:55:16.1445 | 9884 | iisexpress | ERROR | ASP.global_asax | ASP.global_asax.Application_Error : 41 | Error Url=localhost,  Message=
 에러 발생 원인 : System.Web
 에러 메시지    : d:\Svn\SocialWith\Admin\Goods\GoodsModify.aspx.cs(75): error CS0103: 'fuFile_1' 이름이 현재 컨텍스트에 없습니다.
 Stack Trace    :    위치: System.Web.Compilation.BuildManager.PostProcessFoundBuildResult(BuildResult result, Boolean keyFromVPP, VirtualPath virtualPath)
   위치: System.Web.Compilation.BuildManager.GetBuildResultFromCacheInternal(String cacheKey, Boolean keyFromVPP, VirtualPath virtualPath, Int64 hashCode, Boolean ensureIsUpToDate)
   위치: System.Web.Compilation.BuildManager.GetVPathBuildResultFromCacheInternal(VirtualPath virtualPath, Boolean ensureIsUpToDate)
   위치: System.Web.Compilation.BuildManager.GetVPathBuildResultInternal(VirtualPath virtualPath, Boolean noBuild, Boolean allowCrossApp, Boolean allowBuildInPrecompile, Boolean throwIfNotFound, Boolean ensureIsUpToDate)
   위치: System.Web.Compilation.BuildManager.GetVPathBuildResultWithNoAssert(HttpContext context, VirtualPath virtualPath, Boolean noBuild, Boolean allowCrossApp, Boolean allowBuildInPrecompile, Boolean throwIfNotFound, Boolean ensureIsUpToDate)
   위치: System.Web.Compilation.BuildManager.GetVirtualPathObjectFactory(VirtualPath virtualPath, HttpContext context, Boolean allowCrossApp, Boolean throwIfNotFound)
   위치: Microsoft.AspNet.FriendlyUrls.Abstractions.BuildManagerWrapper.GetObjectFactory(String virtualPath, Boolean throwIfNotFound)
   위치: Microsoft.AspNet.FriendlyUrls.FriendlyUrlRoute.GetWebObjectFactory(HttpContextBase httpContext, String modifiedVirtualPath)
   위치: Microsoft.AspNet.FriendlyUrls.FriendlyUrlRoute.Resolve(HttpContextBase httpContext, IList`1 extensions, String virtualPathOverride, IFriendlyUrlRouteSupportFunctions supportFunctions)
   위치: Microsoft.AspNet.FriendlyUrls.FriendlyUrlRoute.Microsoft.AspNet.FriendlyUrls.Abstractions.IFriendlyUrlRouteSupportFunctions.Resolve(HttpContextBase httpContext, IList`1 extensions, String virtualPathOverride)
   위치: Microsoft.AspNet.FriendlyUrls.FriendlyUrlRoute.GetRouteData(HttpContextBase httpContext, String pathOverride, IFriendlyUrlRouteSupportFunctions supportFunctions)
   위치: Microsoft.AspNet.FriendlyUrls.FriendlyUrlRoute.GetRouteData(HttpContextBase httpContext)
   위치: System.Web.Routing.RouteCollection.GetRouteData(HttpContextBase httpContext)
   위치: System.Web.Routing.UrlRoutingModule.PostResolveRequestCache(HttpContextBase context)
   위치: System.Web.Routing.UrlRoutingModule.OnApplicationPostResolveRequestCache(Object sender, EventArgs e)
   위치: System.Web.HttpApplication.SyncEventExecutionStep.System.Web.HttpApplication.IExecutionStep.Execute()
   위치: System.Web.HttpApplication.ExecuteStepImpl(IExecutionStep step)
   위치: System.Web.HttpApplication.ExecuteStep(IExecutionStep step, Boolean& completedSynchronously)
 내부 오류      :  | 
2019-04-24 10:55:16.5090 | 9884 | iisexpress | ERROR | ASP.global_asax | ASP.global_asax.Application_Error : 41 | Error Url=localhost,  Message=
 에러 발생 원인 : System.Web
 에러 메시지    : d:\Svn\SocialWith\Admin\Goods\GoodsModify.aspx.cs(75): error CS0103: 'fuFile_1' 이름이 현재 컨텍스트에 없습니다.
 Stack Trace    :    위치: System.Web.Compilation.BuildManager.PostProcessFoundBuildResult(BuildResult result, Boolean keyFromVPP, VirtualPath virtualPath)
   위치: System.Web.Compilation.BuildManager.GetBuildResultFromCacheInternal(String cacheKey, Boolean keyFromVPP, VirtualPath virtualPath, Int64 hashCode, Boolean ensureIsUpToDate)
   위치: System.Web.Compilation.BuildManager.GetVPathBuildResultFromCacheInternal(VirtualPath virtualPath, Boolean ensureIsUpToDate)
   위치: System.Web.Compilation.BuildManager.GetVPathBuildResultInternal(VirtualPath virtualPath, Boolean noBuild, Boolean allowCrossApp, Boolean allowBuildInPrecompile, Boolean throwIfNotFound, Boolean ensureIsUpToDate)
   위치: System.Web.Compilation.BuildManager.GetVPathBuildResultWithNoAssert(HttpContext context, VirtualPath virtualPath, Boolean noBuild, Boolean allowCrossApp, Boolean allowBuildInPrecompile, Boolean throwIfNotFound, Boolean ensureIsUpToDate)
   위치: System.Web.Compilation.BuildManager.GetVirtualPathObjectFactory(VirtualPath virtualPath, HttpContext context, Boolean allowCrossApp, Boolean throwIfNotFound)
   위치: Microsoft.AspNet.FriendlyUrls.Abstractions.BuildManagerWrapper.GetObjectFactory(String virtualPath, Boolean throwIfNotFound)
   위치: Microsoft.AspNet.FriendlyUrls.FriendlyUrlRoute.GetWebObjectFactory(HttpContextBase httpContext, String modifiedVirtualPath)
   위치: Microsoft.AspNet.FriendlyUrls.FriendlyUrlRoute.Resolve(HttpContextBase httpContext, IList`1 extensions, String virtualPathOverride, IFriendlyUrlRouteSupportFunctions supportFunctions)
   위치: Microsoft.AspNet.FriendlyUrls.FriendlyUrlRoute.Microsoft.AspNet.FriendlyUrls.Abstractions.IFriendlyUrlRouteSupportFunctions.Resolve(HttpContextBase httpContext, IList`1 extensions, String virtualPathOverride)
   위치: Microsoft.AspNet.FriendlyUrls.FriendlyUrlRoute.GetRouteData(HttpContextBase httpContext, String pathOverride, IFriendlyUrlRouteSupportFunctions supportFunctions)
   위치: Microsoft.AspNet.FriendlyUrls.FriendlyUrlRoute.GetRouteData(HttpContextBase httpContext)
   위치: System.Web.Routing.RouteCollection.GetRouteData(HttpContextBase httpContext)
   위치: System.Web.Routing.UrlRoutingModule.PostResolveRequestCache(HttpContextBase context)
   위치: System.Web.Routing.UrlRoutingModule.OnApplicationPostResolveRequestCache(Object sender, EventArgs e)
   위치: System.Web.HttpApplication.SyncEventExecutionStep.System.Web.HttpApplication.IExecutionStep.Execute()
   위치: System.Web.HttpApplication.ExecuteStepImpl(IExecutionStep step)
   위치: System.Web.HttpApplication.ExecuteStep(IExecutionStep step, Boolean& completedSynchronously)
 내부 오류      :  | 
2019-04-24 10:55:16.8908 | 9884 | iisexpress | ERROR | ASP.global_asax | ASP.global_asax.Application_Error : 41 | Error Url=localhost,  Message=
 에러 발생 원인 : System.Web
 에러 메시지    : d:\Svn\SocialWith\Admin\Goods\GoodsModify.aspx.cs(75): error CS0103: 'fuFile_1' 이름이 현재 컨텍스트에 없습니다.
 Stack Trace    :    위치: System.Web.Compilation.BuildManager.PostProcessFoundBuildResult(BuildResult result, Boolean keyFromVPP, VirtualPath virtualPath)
   위치: System.Web.Compilation.BuildManager.GetBuildResultFromCacheInternal(String cacheKey, Boolean keyFromVPP, VirtualPath virtualPath, Int64 hashCode, Boolean ensureIsUpToDate)
   위치: System.Web.Compilation.BuildManager.GetVPathBuildResultFromCacheInternal(VirtualPath virtualPath, Boolean ensureIsUpToDate)
   위치: System.Web.Compilation.BuildManager.GetVPathBuildResultInternal(VirtualPath virtualPath, Boolean noBuild, Boolean allowCrossApp, Boolean allowBuildInPrecompile, Boolean throwIfNotFound, Boolean ensureIsUpToDate)
   위치: System.Web.Compilation.BuildManager.GetVPathBuildResultWithNoAssert(HttpContext context, VirtualPath virtualPath, Boolean noBuild, Boolean allowCrossApp, Boolean allowBuildInPrecompile, Boolean throwIfNotFound, Boolean ensureIsUpToDate)
   위치: System.Web.Compilation.BuildManager.GetVirtualPathObjectFactory(VirtualPath virtualPath, HttpContext context, Boolean allowCrossApp, Boolean throwIfNotFound)
   위치: Microsoft.AspNet.FriendlyUrls.Abstractions.BuildManagerWrapper.GetObjectFactory(String virtualPath, Boolean throwIfNotFound)
   위치: Microsoft.AspNet.FriendlyUrls.FriendlyUrlRoute.GetWebObjectFactory(HttpContextBase httpContext, String modifiedVirtualPath)
   위치: Microsoft.AspNet.FriendlyUrls.FriendlyUrlRoute.Resolve(HttpContextBase httpContext, IList`1 extensions, String virtualPathOverride, IFriendlyUrlRouteSupportFunctions supportFunctions)
   위치: Microsoft.AspNet.FriendlyUrls.FriendlyUrlRoute.Microsoft.AspNet.FriendlyUrls.Abstractions.IFriendlyUrlRouteSupportFunctions.Resolve(HttpContextBase httpContext, IList`1 extensions, String virtualPathOverride)
   위치: Microsoft.AspNet.FriendlyUrls.FriendlyUrlRoute.GetRouteData(HttpContextBase httpContext, String pathOverride, IFriendlyUrlRouteSupportFunctions supportFunctions)
   위치: Microsoft.AspNet.FriendlyUrls.FriendlyUrlRoute.GetRouteData(HttpContextBase httpContext)
   위치: System.Web.Routing.RouteCollection.GetRouteData(HttpContextBase httpContext)
   위치: System.Web.Routing.UrlRoutingModule.PostResolveRequestCache(HttpContextBase context)
   위치: System.Web.Routing.UrlRoutingModule.OnApplicationPostResolveRequestCache(Object sender, EventArgs e)
   위치: System.Web.HttpApplication.SyncEventExecutionStep.System.Web.HttpApplication.IExecutionStep.Execute()
   위치: System.Web.HttpApplication.ExecuteStepImpl(IExecutionStep step)
   위치: System.Web.HttpApplication.ExecuteStep(IExecutionStep step, Boolean& completedSynchronously)
 내부 오류      :  | 
2019-04-24 11:08:07.1171 | 9884 | iisexpress | ERROR | ASP.global_asax | ASP.global_asax.Application_Error : 41 | Error Url=localhost,  Message=
 에러 발생 원인 : System.Web
 에러 메시지    : d:\Svn\SocialWith\Admin\Goods\GoodsModify.aspx.cs(75): error CS1061: 'System.Web.UI.HtmlControls.HtmlInputFile'에 'HasFile'에 대한 정의가 없고 'System.Web.UI.HtmlControls.HtmlInputFile' 형식의 첫 번째 인수를 허용하는 확장 메서드 'HasFile'이(가) 없습니다. using 지시문 또는 어셈블리 참조가 있는지 확인하십시오.
 Stack Trace    :    위치: System.Web.Compilation.BuildManager.CompileWebFile(VirtualPath virtualPath)
   위치: System.Web.Compilation.BuildManager.GetVPathBuildResultInternal(VirtualPath virtualPath, Boolean noBuild, Boolean allowCrossApp, Boolean allowBuildInPrecompile, Boolean throwIfNotFound, Boolean ensureIsUpToDate)
   위치: System.Web.Compilation.BuildManager.GetVPathBuildResultWithNoAssert(HttpContext context, VirtualPath virtualPath, Boolean noBuild, Boolean allowCrossApp, Boolean allowBuildInPrecompile, Boolean throwIfNotFound, Boolean ensureIsUpToDate)
   위치: System.Web.Compilation.BuildManager.GetVirtualPathObjectFactory(VirtualPath virtualPath, HttpContext context, Boolean allowCrossApp, Boolean throwIfNotFound)
   위치: Microsoft.AspNet.FriendlyUrls.Abstractions.BuildManagerWrapper.GetObjectFactory(String virtualPath, Boolean throwIfNotFound)
   위치: Microsoft.AspNet.FriendlyUrls.FriendlyUrlRoute.GetWebObjectFactory(HttpContextBase httpContext, String modifiedVirtualPath)
   위치: Microsoft.AspNet.FriendlyUrls.FriendlyUrlRoute.Resolve(HttpContextBase httpContext, IList`1 extensions, String virtualPathOverride, IFriendlyUrlRouteSupportFunctions supportFunctions)
   위치: Microsoft.AspNet.FriendlyUrls.FriendlyUrlRoute.Microsoft.AspNet.FriendlyUrls.Abstractions.IFriendlyUrlRouteSupportFunctions.Resolve(HttpContextBase httpContext, IList`1 extensions, String virtualPathOverride)
   위치: Microsoft.AspNet.FriendlyUrls.FriendlyUrlRoute.GetRouteData(HttpContextBase httpContext, String pathOverride, IFriendlyUrlRouteSupportFunctions supportFunctions)
   위치: Microsoft.AspNet.FriendlyUrls.FriendlyUrlRoute.GetRouteData(HttpContextBase httpContext)
   위치: System.Web.Routing.RouteCollection.GetRouteData(HttpContextBase httpContext)
   위치: System.Web.Routing.UrlRoutingModule.PostResolveRequestCache(HttpContextBase context)
   위치: System.Web.Routing.UrlRoutingModule.OnApplicationPostResolveRequestCache(Object sender, EventArgs e)
   위치: System.Web.HttpApplication.SyncEventExecutionStep.System.Web.HttpApplication.IExecutionStep.Execute()
   위치: System.Web.HttpApplication.ExecuteStepImpl(IExecutionStep step)
   위치: System.Web.HttpApplication.ExecuteStep(IExecutionStep step, Boolean& completedSynchronously)
 내부 오류      :  | 
2019-04-24 11:30:21.0905 | 9884 | iisexpress | ERROR | ASP.global_asax | ASP.global_asax.Application_Error : 41 | Error Url=localhost,  Message=
 에러 발생 원인 : System.Web
 에러 메시지    : 'Width' 속성의 문자열 표현 'auto'에서 'System.Web.UI.WebControls.Unit' 형식 개체를 만들 수 없습니다.
 Stack Trace    :    위치: System.Web.UI.TemplateParser.ParseString(String text, VirtualPath virtualPath, Encoding fileEncoding)
   위치: System.Web.UI.TemplateParser.ParseFile(String physicalPath, VirtualPath virtualPath)
   위치: System.Web.UI.TemplateParser.ParseInternal()
   위치: System.Web.UI.TemplateParser.Parse()
   위치: System.Web.Compilation.BaseTemplateBuildProvider.get_CodeCompilerType()
   위치: System.Web.Compilation.BuildProvider.GetCompilerTypeFromBuildProvider(BuildProvider buildProvider)
   위치: System.Web.Compilation.BuildProvidersCompiler.ProcessBuildProviders()
   위치: System.Web.Compilation.BuildProvidersCompiler.PerformBuild()
   위치: System.Web.Compilation.BuildManager.CompileWebFile(VirtualPath virtualPath)
   위치: System.Web.Compilation.BuildManager.GetVPathBuildResultInternal(VirtualPath virtualPath, Boolean noBuild, Boolean allowCrossApp, Boolean allowBuildInPrecompile, Boolean throwIfNotFound, Boolean ensureIsUpToDate)
   위치: System.Web.Compilation.BuildManager.GetVPathBuildResultWithNoAssert(HttpContext context, VirtualPath virtualPath, Boolean noBuild, Boolean allowCrossApp, Boolean allowBuildInPrecompile, Boolean throwIfNotFound, Boolean ensureIsUpToDate)
   위치: System.Web.Compilation.BuildManager.GetVirtualPathObjectFactory(VirtualPath virtualPath, HttpContext context, Boolean allowCrossApp, Boolean throwIfNotFound)
   위치: Microsoft.AspNet.FriendlyUrls.Abstractions.BuildManagerWrapper.GetObjectFactory(String virtualPath, Boolean throwIfNotFound)
   위치: Microsoft.AspNet.FriendlyUrls.FriendlyUrlRoute.GetWebObjectFactory(HttpContextBase httpContext, String modifiedVirtualPath)
   위치: Microsoft.AspNet.FriendlyUrls.FriendlyUrlRoute.Resolve(HttpContextBase httpContext, IList`1 extensions, String virtualPathOverride, IFriendlyUrlRouteSupportFunctions supportFunctions)
   위치: Microsoft.AspNet.FriendlyUrls.FriendlyUrlRoute.Microsoft.AspNet.FriendlyUrls.Abstractions.IFriendlyUrlRouteSupportFunctions.Resolve(HttpContextBase httpContext, IList`1 extensions, String virtualPathOverride)
   위치: Microsoft.AspNet.FriendlyUrls.FriendlyUrlRoute.GetRouteData(HttpContextBase httpContext, String pathOverride, IFriendlyUrlRouteSupportFunctions supportFunctions)
   위치: Microsoft.AspNet.FriendlyUrls.FriendlyUrlRoute.GetRouteData(HttpContextBase httpContext)
   위치: System.Web.Routing.RouteCollection.GetRouteData(HttpContextBase httpContext)
   위치: System.Web.Routing.UrlRoutingModule.PostResolveRequestCache(HttpContextBase context)
   위치: System.Web.Routing.UrlRoutingModule.OnApplicationPostResolveRequestCache(Object sender, EventArgs e)
   위치: System.Web.HttpApplication.SyncEventExecutionStep.System.Web.HttpApplication.IExecutionStep.Execute()
   위치: System.Web.HttpApplication.ExecuteStepImpl(IExecutionStep step)
   위치: System.Web.HttpApplication.ExecuteStep(IExecutionStep step, Boolean& completedSynchronously)
 내부 오류      : System.Web.HttpParseException (0x80004005): 'Width' 속성의 문자열 표현 'auto'에서 'System.Web.UI.WebControls.Unit' 형식 개체를 만들 수 없습니다. ---> System.Web.HttpException (0x80004005): 'Width' 속성의 문자열 표현 'auto'에서 'System.Web.UI.WebControls.Unit' 형식 개체를 만들 수 없습니다.
   위치: System.Web.UI.PropertyConverter.ObjectFromString(Type objType, MemberInfo propertyInfo, String value)
   위치: System.Web.UI.ControlBuilder.AddProperty(String filter, String name, String value, Boolean mainDirectiveMode)
   위치: System.Web.UI.ControlBuilder.PreprocessAttribute(String filter, String attribname, String attribvalue, Boolean mainDirectiveMode, Int32 line, Int32 column)
   위치: System.Web.UI.ControlBuilder.PreprocessAttributes(ParsedAttributeCollection attribs)
   위치: System.Web.UI.ControlBuilder.Init(TemplateParser parser, ControlBuilder parentBuilder, Type type, String tagName, String id, IDictionary attribs)
   위치: System.Web.UI.ControlBuilder.CreateBuilderFromType(TemplateParser parser, ControlBuilder parentBuilder, Type type, String tagName, String id, IDictionary attribs, Int32 line, String sourceFileName)
   위치: System.Web.UI.ControlBuilder.CreateChildBuilder(String filter, String tagName, IDictionary attribs, TemplateParser parser, ControlBuilder parentBuilder, String id, Int32 line, VirtualPath virtualPath, Type& childType, Boolean defaultProperty)
   위치: System.Web.UI.TemplateParser.ProcessBeginTag(Match match, String inputText)
   위치: System.Web.UI.TemplateParser.ParseStringInternal(String text, Encoding fileEncoding)
   위치: System.Web.UI.TemplateParser.ProcessException(Exception ex)
   위치: System.Web.UI.TemplateParser.ParseStringInternal(String text, Encoding fileEncoding)
   위치: System.Web.UI.TemplateParser.ParseString(String text, VirtualPath virtualPath, Encoding fileEncoding) | 
2019-04-24 16:11:20.0972 | 9884 | iisexpress | ERROR | ASP.global_asax | ASP.global_asax.Application_Error : 41 | Error Url=localhost,  Message=
 에러 발생 원인 : System.Web
 에러 메시지    : '/Test/Board_B.aspx' 파일이 없습니다.
 Stack Trace    :    위치: System.Web.UI.Util.CheckVirtualFileExists(VirtualPath virtualPath)
   위치: System.Web.Compilation.BuildManager.GetVPathBuildResultInternal(VirtualPath virtualPath, Boolean noBuild, Boolean allowCrossApp, Boolean allowBuildInPrecompile, Boolean throwIfNotFound, Boolean ensureIsUpToDate)
   위치: System.Web.Compilation.BuildManager.GetVPathBuildResultWithNoAssert(HttpContext context, VirtualPath virtualPath, Boolean noBuild, Boolean allowCrossApp, Boolean allowBuildInPrecompile, Boolean throwIfNotFound, Boolean ensureIsUpToDate)
   위치: System.Web.Compilation.BuildManager.GetVirtualPathObjectFactory(VirtualPath virtualPath, HttpContext context, Boolean allowCrossApp, Boolean throwIfNotFound)
   위치: System.Web.Compilation.BuildManager.CreateInstanceFromVirtualPath(VirtualPath virtualPath, Type requiredBaseType, HttpContext context, Boolean allowCrossApp)
   위치: System.Web.UI.PageHandlerFactory.GetHandlerHelper(HttpContext context, String requestType, VirtualPath virtualPath, String physicalPath)
   위치: System.Web.UI.PageHandlerFactory.GetHandler(HttpContext context, String requestType, String virtualPath, String path)
   위치: System.Web.HttpApplication.MaterializeHandlerExecutionStep.System.Web.HttpApplication.IExecutionStep.Execute()
   위치: System.Web.HttpApplication.ExecuteStepImpl(IExecutionStep step)
   위치: System.Web.HttpApplication.ExecuteStep(IExecutionStep step, Boolean& completedSynchronously)
 내부 오류      :  | 
2019-04-24 16:12:49.4548 | 9884 | iisexpress | ERROR | ASP.global_asax | ASP.global_asax.Application_Error : 41 | Error Url=localhost,  Message=
 에러 발생 원인 : System.Web
 에러 메시지    : '/Test/Board_B.aspx' 파일이 없습니다.
 Stack Trace    :    위치: System.Web.UI.Util.CheckVirtualFileExists(VirtualPath virtualPath)
   위치: System.Web.Compilation.BuildManager.GetVPathBuildResultInternal(VirtualPath virtualPath, Boolean noBuild, Boolean allowCrossApp, Boolean allowBuildInPrecompile, Boolean throwIfNotFound, Boolean ensureIsUpToDate)
   위치: System.Web.Compilation.BuildManager.GetVPathBuildResultWithNoAssert(HttpContext context, VirtualPath virtualPath, Boolean noBuild, Boolean allowCrossApp, Boolean allowBuildInPrecompile, Boolean throwIfNotFound, Boolean ensureIsUpToDate)
   위치: System.Web.Compilation.BuildManager.GetVirtualPathObjectFactory(VirtualPath virtualPath, HttpContext context, Boolean allowCrossApp, Boolean throwIfNotFound)
   위치: System.Web.Compilation.BuildManager.CreateInstanceFromVirtualPath(VirtualPath virtualPath, Type requiredBaseType, HttpContext context, Boolean allowCrossApp)
   위치: System.Web.UI.PageHandlerFactory.GetHandlerHelper(HttpContext context, String requestType, VirtualPath virtualPath, String physicalPath)
   위치: System.Web.UI.PageHandlerFactory.GetHandler(HttpContext context, String requestType, String virtualPath, String path)
   위치: System.Web.HttpApplication.MaterializeHandlerExecutionStep.System.Web.HttpApplication.IExecutionStep.Execute()
   위치: System.Web.HttpApplication.ExecuteStepImpl(IExecutionStep step)
   위치: System.Web.HttpApplication.ExecuteStep(IExecutionStep step, Boolean& completedSynchronously)
 내부 오류      :  | 
2019-04-24 16:13:41.9470 | 9884 | iisexpress | ERROR | ASP.global_asax | ASP.global_asax.Application_Error : 41 | Error Url=localhost,  Message=
 에러 발생 원인 : System.Web
 에러 메시지    : '/Test/Board_B.aspx' 파일이 없습니다.
 Stack Trace    :    위치: System.Web.UI.Util.CheckVirtualFileExists(VirtualPath virtualPath)
   위치: System.Web.Compilation.BuildManager.GetVPathBuildResultInternal(VirtualPath virtualPath, Boolean noBuild, Boolean allowCrossApp, Boolean allowBuildInPrecompile, Boolean throwIfNotFound, Boolean ensureIsUpToDate)
   위치: System.Web.Compilation.BuildManager.GetVPathBuildResultWithNoAssert(HttpContext context, VirtualPath virtualPath, Boolean noBuild, Boolean allowCrossApp, Boolean allowBuildInPrecompile, Boolean throwIfNotFound, Boolean ensureIsUpToDate)
   위치: System.Web.Compilation.BuildManager.GetVirtualPathObjectFactory(VirtualPath virtualPath, HttpContext context, Boolean allowCrossApp, Boolean throwIfNotFound)
   위치: System.Web.Compilation.BuildManager.CreateInstanceFromVirtualPath(VirtualPath virtualPath, Type requiredBaseType, HttpContext context, Boolean allowCrossApp)
   위치: System.Web.UI.PageHandlerFactory.GetHandlerHelper(HttpContext context, String requestType, VirtualPath virtualPath, String physicalPath)
   위치: System.Web.UI.PageHandlerFactory.GetHandler(HttpContext context, String requestType, String virtualPath, String path)
   위치: System.Web.HttpApplication.MaterializeHandlerExecutionStep.System.Web.HttpApplication.IExecutionStep.Execute()
   위치: System.Web.HttpApplication.ExecuteStepImpl(IExecutionStep step)
   위치: System.Web.HttpApplication.ExecuteStep(IExecutionStep step, Boolean& completedSynchronously)
 내부 오류      :  | 
