2019-05-15 09:49:29.4791 | 10168 | iisexpress | DEBUG | OrderHandler | OrderHandler.GetOrderDtlInfo_AllUser : 1257 | odrCodeNo : ON-190514-1 | 
2019-05-15 09:49:29.5431 | 10168 | iisexpress | DEBUG | OrderHandler | OrderHandler.GetOrderDtlInfo_AllUser : 1258 | odrStat : 100 | 
2019-05-15 13:40:07.6142 | 10168 | iisexpress | ERROR | ASP.global_asax | ASP.global_asax.Application_Error : 41 | Error Url=localhost,  Message=
 에러 발생 원인 : System.Web
 에러 메시지    : d:\Svn\SocialWith\Admin\Member\MemberCreate_R.aspx.cs(12): error ASPNET: 이 코드 파일에서 정의된 클래스가 'inherits' 특성과 일치하고 올바른 기본 클래스(예: Page 또는 UserControl)를 확장하는지 확인하십시오.
 Stack Trace    :    위치: System.Web.Compilation.BuildManager.CompileWebFile(VirtualPath virtualPath)
   위치: System.Web.Compilation.BuildManager.GetVPathBuildResultInternal(VirtualPath virtualPath, Boolean noBuild, Boolean allowCrossApp, Boolean allowBuildInPrecompile, Boolean throwIfNotFound, Boolean ensureIsUpToDate)
   위치: System.Web.Compilation.BuildManager.GetVPathBuildResultWithNoAssert(HttpContext context, VirtualPath virtualPath, Boolean noBuild, Boolean allowCrossApp, Boolean allowBuildInPrecompile, Boolean throwIfNotFound, Boolean ensureIsUpToDate)
   위치: System.Web.Compilation.BuildManager.GetVirtualPathObjectFactory(VirtualPath virtualPath, HttpContext context, Boolean allowCrossApp, Boolean throwIfNotFound)
   위치: System.Web.Compilation.BuildManager.CreateInstanceFromVirtualPath(VirtualPath virtualPath, Type requiredBaseType, HttpContext context, Boolean allowCrossApp)
   위치: System.Web.UI.PageHandlerFactory.GetHandlerHelper(HttpContext context, String requestType, VirtualPath virtualPath, String physicalPath)
   위치: System.Web.UI.PageHandlerFactory.GetHandler(HttpContext context, String requestType, String virtualPath, String path)
   위치: System.Web.HttpApplication.MaterializeHandlerExecutionStep.System.Web.HttpApplication.IExecutionStep.Execute()
   위치: System.Web.HttpApplication.ExecuteStepImpl(IExecutionStep step)
   위치: System.Web.HttpApplication.ExecuteStep(IExecutionStep step, Boolean& completedSynchronously)
 내부 오류      :  | 
2019-05-15 13:40:07.6291 | 10168 | iisexpress | ERROR | ASP.global_asax | ASP.global_asax.Application_Error : 41 | Error Url=localhost,  Message=
 에러 발생 원인 : System.Web
 에러 메시지    : d:\Svn\SocialWith\Admin\Member\MemberCreate_R.aspx.cs(12): error ASPNET: 이 코드 파일에서 정의된 클래스가 'inherits' 특성과 일치하고 올바른 기본 클래스(예: Page 또는 UserControl)를 확장하는지 확인하십시오.
 Stack Trace    :    위치: System.Web.Compilation.BuildManager.PostProcessFoundBuildResult(BuildResult result, Boolean keyFromVPP, VirtualPath virtualPath)
   위치: System.Web.Compilation.BuildManager.GetBuildResultFromCacheInternal(String cacheKey, Boolean keyFromVPP, VirtualPath virtualPath, Int64 hashCode, Boolean ensureIsUpToDate)
   위치: System.Web.Compilation.BuildManager.GetVPathBuildResultFromCacheInternal(VirtualPath virtualPath, Boolean ensureIsUpToDate)
   위치: System.Web.Compilation.BuildManager.GetVPathBuildResultInternal(VirtualPath virtualPath, Boolean noBuild, Boolean allowCrossApp, Boolean allowBuildInPrecompile, Boolean throwIfNotFound, Boolean ensureIsUpToDate)
   위치: System.Web.Compilation.BuildManager.GetVPathBuildResultWithNoAssert(HttpContext context, VirtualPath virtualPath, Boolean noBuild, Boolean allowCrossApp, Boolean allowBuildInPrecompile, Boolean throwIfNotFound, Boolean ensureIsUpToDate)
   위치: System.Web.Compilation.BuildManager.GetVirtualPathObjectFactory(VirtualPath virtualPath, HttpContext context, Boolean allowCrossApp, Boolean throwIfNotFound)
   위치: Microsoft.AspNet.FriendlyUrls.Abstractions.BuildManagerWrapper.GetObjectFactory(String virtualPath, Boolean throwIfNotFound)
   위치: Microsoft.AspNet.FriendlyUrls.FriendlyUrlRoute.GetWebObjectFactory(HttpContextBase httpContext, String modifiedVirtualPath)
   위치: Microsoft.AspNet.FriendlyUrls.FriendlyUrlRoute.Resolve(HttpContextBase httpContext, IList`1 extensions, String virtualPathOverride, IFriendlyUrlRouteSupportFunctions supportFunctions)
   위치: Microsoft.AspNet.FriendlyUrls.FriendlyUrlRoute.Microsoft.AspNet.FriendlyUrls.Abstractions.IFriendlyUrlRouteSupportFunctions.Resolve(HttpContextBase httpContext, IList`1 extensions, String virtualPathOverride)
   위치: Microsoft.AspNet.FriendlyUrls.FriendlyUrlRoute.GetRouteData(HttpContextBase httpContext, String pathOverride, IFriendlyUrlRouteSupportFunctions supportFunctions)
   위치: Microsoft.AspNet.FriendlyUrls.FriendlyUrlRoute.GetRouteData(HttpContextBase httpContext)
   위치: System.Web.Routing.RouteCollection.GetRouteData(HttpContextBase httpContext)
   위치: System.Web.Routing.UrlRoutingModule.PostResolveRequestCache(HttpContextBase context)
   위치: System.Web.Routing.UrlRoutingModule.OnApplicationPostResolveRequestCache(Object sender, EventArgs e)
   위치: System.Web.HttpApplication.SyncEventExecutionStep.System.Web.HttpApplication.IExecutionStep.Execute()
   위치: System.Web.HttpApplication.ExecuteStepImpl(IExecutionStep step)
   위치: System.Web.HttpApplication.ExecuteStep(IExecutionStep step, Boolean& completedSynchronously)
 내부 오류      :  | 
2019-05-15 13:40:44.7703 | 10168 | iisexpress | ERROR | ASP.global_asax | ASP.global_asax.Application_Error : 41 | Error Url=localhost,  Message=
 에러 발생 원인 : System.Web
 에러 메시지    : d:\Svn\SocialWith\Admin\Member\MemberCreate_R.aspx.cs(12): error ASPNET: 이 코드 파일에서 정의된 클래스가 'inherits' 특성과 일치하고 올바른 기본 클래스(예: Page 또는 UserControl)를 확장하는지 확인하십시오.
 Stack Trace    :    위치: System.Web.Compilation.BuildManager.CompileWebFile(VirtualPath virtualPath)
   위치: System.Web.Compilation.BuildManager.GetVPathBuildResultInternal(VirtualPath virtualPath, Boolean noBuild, Boolean allowCrossApp, Boolean allowBuildInPrecompile, Boolean throwIfNotFound, Boolean ensureIsUpToDate)
   위치: System.Web.Compilation.BuildManager.GetVPathBuildResultWithNoAssert(HttpContext context, VirtualPath virtualPath, Boolean noBuild, Boolean allowCrossApp, Boolean allowBuildInPrecompile, Boolean throwIfNotFound, Boolean ensureIsUpToDate)
   위치: System.Web.Compilation.BuildManager.GetVirtualPathObjectFactory(VirtualPath virtualPath, HttpContext context, Boolean allowCrossApp, Boolean throwIfNotFound)
   위치: Microsoft.AspNet.FriendlyUrls.Abstractions.BuildManagerWrapper.GetObjectFactory(String virtualPath, Boolean throwIfNotFound)
   위치: Microsoft.AspNet.FriendlyUrls.FriendlyUrlRoute.GetWebObjectFactory(HttpContextBase httpContext, String modifiedVirtualPath)
   위치: Microsoft.AspNet.FriendlyUrls.FriendlyUrlRoute.Resolve(HttpContextBase httpContext, IList`1 extensions, String virtualPathOverride, IFriendlyUrlRouteSupportFunctions supportFunctions)
   위치: Microsoft.AspNet.FriendlyUrls.FriendlyUrlRoute.Microsoft.AspNet.FriendlyUrls.Abstractions.IFriendlyUrlRouteSupportFunctions.Resolve(HttpContextBase httpContext, IList`1 extensions, String virtualPathOverride)
   위치: Microsoft.AspNet.FriendlyUrls.FriendlyUrlRoute.GetRouteData(HttpContextBase httpContext, String pathOverride, IFriendlyUrlRouteSupportFunctions supportFunctions)
   위치: Microsoft.AspNet.FriendlyUrls.FriendlyUrlRoute.GetRouteData(HttpContextBase httpContext)
   위치: System.Web.Routing.RouteCollection.GetRouteData(HttpContextBase httpContext)
   위치: System.Web.Routing.UrlRoutingModule.PostResolveRequestCache(HttpContextBase context)
   위치: System.Web.Routing.UrlRoutingModule.OnApplicationPostResolveRequestCache(Object sender, EventArgs e)
   위치: System.Web.HttpApplication.SyncEventExecutionStep.System.Web.HttpApplication.IExecutionStep.Execute()
   위치: System.Web.HttpApplication.ExecuteStepImpl(IExecutionStep step)
   위치: System.Web.HttpApplication.ExecuteStep(IExecutionStep step, Boolean& completedSynchronously)
 내부 오류      :  | 
2019-05-15 13:42:14.9270 | 10168 | iisexpress | ERROR | ASP.global_asax | ASP.global_asax.Application_Error : 41 | Error Url=localhost,  Message=
 에러 발생 원인 : System.Web
 에러 메시지    : d:\Svn\SocialWith\Admin\Member\MemberCreate_R.aspx.cs(12): error ASPNET: 이 코드 파일에서 정의된 클래스가 'inherits' 특성과 일치하고 올바른 기본 클래스(예: Page 또는 UserControl)를 확장하는지 확인하십시오.
 Stack Trace    :    위치: System.Web.Compilation.BuildManager.CompileWebFile(VirtualPath virtualPath)
   위치: System.Web.Compilation.BuildManager.GetVPathBuildResultInternal(VirtualPath virtualPath, Boolean noBuild, Boolean allowCrossApp, Boolean allowBuildInPrecompile, Boolean throwIfNotFound, Boolean ensureIsUpToDate)
   위치: System.Web.Compilation.BuildManager.GetVPathBuildResultWithNoAssert(HttpContext context, VirtualPath virtualPath, Boolean noBuild, Boolean allowCrossApp, Boolean allowBuildInPrecompile, Boolean throwIfNotFound, Boolean ensureIsUpToDate)
   위치: System.Web.Compilation.BuildManager.GetVirtualPathObjectFactory(VirtualPath virtualPath, HttpContext context, Boolean allowCrossApp, Boolean throwIfNotFound)
   위치: Microsoft.AspNet.FriendlyUrls.Abstractions.BuildManagerWrapper.GetObjectFactory(String virtualPath, Boolean throwIfNotFound)
   위치: Microsoft.AspNet.FriendlyUrls.FriendlyUrlRoute.GetWebObjectFactory(HttpContextBase httpContext, String modifiedVirtualPath)
   위치: Microsoft.AspNet.FriendlyUrls.FriendlyUrlRoute.Resolve(HttpContextBase httpContext, IList`1 extensions, String virtualPathOverride, IFriendlyUrlRouteSupportFunctions supportFunctions)
   위치: Microsoft.AspNet.FriendlyUrls.FriendlyUrlRoute.Microsoft.AspNet.FriendlyUrls.Abstractions.IFriendlyUrlRouteSupportFunctions.Resolve(HttpContextBase httpContext, IList`1 extensions, String virtualPathOverride)
   위치: Microsoft.AspNet.FriendlyUrls.FriendlyUrlRoute.GetRouteData(HttpContextBase httpContext, String pathOverride, IFriendlyUrlRouteSupportFunctions supportFunctions)
   위치: Microsoft.AspNet.FriendlyUrls.FriendlyUrlRoute.GetRouteData(HttpContextBase httpContext)
   위치: System.Web.Routing.RouteCollection.GetRouteData(HttpContextBase httpContext)
   위치: System.Web.Routing.UrlRoutingModule.PostResolveRequestCache(HttpContextBase context)
   위치: System.Web.Routing.UrlRoutingModule.OnApplicationPostResolveRequestCache(Object sender, EventArgs e)
   위치: System.Web.HttpApplication.SyncEventExecutionStep.System.Web.HttpApplication.IExecutionStep.Execute()
   위치: System.Web.HttpApplication.ExecuteStepImpl(IExecutionStep step)
   위치: System.Web.HttpApplication.ExecuteStep(IExecutionStep step, Boolean& completedSynchronously)
 내부 오류      :  | 
2019-05-15 13:42:17.2967 | 10168 | iisexpress | ERROR | ASP.global_asax | ASP.global_asax.Application_Error : 41 | Error Url=localhost,  Message=
 에러 발생 원인 : System.Web
 에러 메시지    : d:\Svn\SocialWith\Admin\Member\MemberCreate_R.aspx.cs(12): error ASPNET: 이 코드 파일에서 정의된 클래스가 'inherits' 특성과 일치하고 올바른 기본 클래스(예: Page 또는 UserControl)를 확장하는지 확인하십시오.
 Stack Trace    :    위치: System.Web.Compilation.BuildManager.PostProcessFoundBuildResult(BuildResult result, Boolean keyFromVPP, VirtualPath virtualPath)
   위치: System.Web.Compilation.BuildManager.GetBuildResultFromCacheInternal(String cacheKey, Boolean keyFromVPP, VirtualPath virtualPath, Int64 hashCode, Boolean ensureIsUpToDate)
   위치: System.Web.Compilation.BuildManager.GetVPathBuildResultFromCacheInternal(VirtualPath virtualPath, Boolean ensureIsUpToDate)
   위치: System.Web.Compilation.BuildManager.GetVPathBuildResultInternal(VirtualPath virtualPath, Boolean noBuild, Boolean allowCrossApp, Boolean allowBuildInPrecompile, Boolean throwIfNotFound, Boolean ensureIsUpToDate)
   위치: System.Web.Compilation.BuildManager.GetVPathBuildResultWithNoAssert(HttpContext context, VirtualPath virtualPath, Boolean noBuild, Boolean allowCrossApp, Boolean allowBuildInPrecompile, Boolean throwIfNotFound, Boolean ensureIsUpToDate)
   위치: System.Web.Compilation.BuildManager.GetVirtualPathObjectFactory(VirtualPath virtualPath, HttpContext context, Boolean allowCrossApp, Boolean throwIfNotFound)
   위치: Microsoft.AspNet.FriendlyUrls.Abstractions.BuildManagerWrapper.GetObjectFactory(String virtualPath, Boolean throwIfNotFound)
   위치: Microsoft.AspNet.FriendlyUrls.FriendlyUrlRoute.GetWebObjectFactory(HttpContextBase httpContext, String modifiedVirtualPath)
   위치: Microsoft.AspNet.FriendlyUrls.FriendlyUrlRoute.Resolve(HttpContextBase httpContext, IList`1 extensions, String virtualPathOverride, IFriendlyUrlRouteSupportFunctions supportFunctions)
   위치: Microsoft.AspNet.FriendlyUrls.FriendlyUrlRoute.Microsoft.AspNet.FriendlyUrls.Abstractions.IFriendlyUrlRouteSupportFunctions.Resolve(HttpContextBase httpContext, IList`1 extensions, String virtualPathOverride)
   위치: Microsoft.AspNet.FriendlyUrls.FriendlyUrlRoute.GetRouteData(HttpContextBase httpContext, String pathOverride, IFriendlyUrlRouteSupportFunctions supportFunctions)
   위치: Microsoft.AspNet.FriendlyUrls.FriendlyUrlRoute.GetRouteData(HttpContextBase httpContext)
   위치: System.Web.Routing.RouteCollection.GetRouteData(HttpContextBase httpContext)
   위치: System.Web.Routing.UrlRoutingModule.PostResolveRequestCache(HttpContextBase context)
   위치: System.Web.Routing.UrlRoutingModule.OnApplicationPostResolveRequestCache(Object sender, EventArgs e)
   위치: System.Web.HttpApplication.SyncEventExecutionStep.System.Web.HttpApplication.IExecutionStep.Execute()
   위치: System.Web.HttpApplication.ExecuteStepImpl(IExecutionStep step)
   위치: System.Web.HttpApplication.ExecuteStep(IExecutionStep step, Boolean& completedSynchronously)
 내부 오류      :  | 
2019-05-15 13:52:03.9662 | 10168 | iisexpress | ERROR | ASP.global_asax | ASP.global_asax.Application_Error : 41 | Error Url=localhost,  Message=
 에러 발생 원인 : System.Web
 에러 메시지    : '/Admin/Member/GetCommData.aspx' 파일이 없습니다.
 Stack Trace    :    위치: System.Web.UI.Util.CheckVirtualFileExists(VirtualPath virtualPath)
   위치: System.Web.Compilation.BuildManager.GetVPathBuildResultInternal(VirtualPath virtualPath, Boolean noBuild, Boolean allowCrossApp, Boolean allowBuildInPrecompile, Boolean throwIfNotFound, Boolean ensureIsUpToDate)
   위치: System.Web.Compilation.BuildManager.GetVPathBuildResultWithNoAssert(HttpContext context, VirtualPath virtualPath, Boolean noBuild, Boolean allowCrossApp, Boolean allowBuildInPrecompile, Boolean throwIfNotFound, Boolean ensureIsUpToDate)
   위치: System.Web.Compilation.BuildManager.GetVirtualPathObjectFactory(VirtualPath virtualPath, HttpContext context, Boolean allowCrossApp, Boolean throwIfNotFound)
   위치: System.Web.Compilation.BuildManager.CreateInstanceFromVirtualPath(VirtualPath virtualPath, Type requiredBaseType, HttpContext context, Boolean allowCrossApp)
   위치: System.Web.UI.PageHandlerFactory.GetHandlerHelper(HttpContext context, String requestType, VirtualPath virtualPath, String physicalPath)
   위치: System.Web.UI.PageHandlerFactory.GetHandler(HttpContext context, String requestType, String virtualPath, String path)
   위치: System.Web.HttpApplication.MaterializeHandlerExecutionStep.System.Web.HttpApplication.IExecutionStep.Execute()
   위치: System.Web.HttpApplication.ExecuteStepImpl(IExecutionStep step)
   위치: System.Web.HttpApplication.ExecuteStep(IExecutionStep step, Boolean& completedSynchronously)
 내부 오류      :  | 
2019-05-15 13:52:09.2095 | 10168 | iisexpress | ERROR | ASP.global_asax | ASP.global_asax.Application_Error : 41 | Error Url=localhost,  Message=
 에러 발생 원인 : System.Web
 에러 메시지    : '/Admin/Member/GetCommData.aspx' 파일이 없습니다.
 Stack Trace    :    위치: System.Web.UI.Util.CheckVirtualFileExists(VirtualPath virtualPath)
   위치: System.Web.Compilation.BuildManager.GetVPathBuildResultInternal(VirtualPath virtualPath, Boolean noBuild, Boolean allowCrossApp, Boolean allowBuildInPrecompile, Boolean throwIfNotFound, Boolean ensureIsUpToDate)
   위치: System.Web.Compilation.BuildManager.GetVPathBuildResultWithNoAssert(HttpContext context, VirtualPath virtualPath, Boolean noBuild, Boolean allowCrossApp, Boolean allowBuildInPrecompile, Boolean throwIfNotFound, Boolean ensureIsUpToDate)
   위치: System.Web.Compilation.BuildManager.GetVirtualPathObjectFactory(VirtualPath virtualPath, HttpContext context, Boolean allowCrossApp, Boolean throwIfNotFound)
   위치: System.Web.Compilation.BuildManager.CreateInstanceFromVirtualPath(VirtualPath virtualPath, Type requiredBaseType, HttpContext context, Boolean allowCrossApp)
   위치: System.Web.UI.PageHandlerFactory.GetHandlerHelper(HttpContext context, String requestType, VirtualPath virtualPath, String physicalPath)
   위치: System.Web.UI.PageHandlerFactory.GetHandler(HttpContext context, String requestType, String virtualPath, String path)
   위치: System.Web.HttpApplication.MaterializeHandlerExecutionStep.System.Web.HttpApplication.IExecutionStep.Execute()
   위치: System.Web.HttpApplication.ExecuteStepImpl(IExecutionStep step)
   위치: System.Web.HttpApplication.ExecuteStep(IExecutionStep step, Boolean& completedSynchronously)
 내부 오류      :  | 
2019-05-15 18:01:24.7484 | 10168 | iisexpress | ERROR | ASP.global_asax | ASP.global_asax.Application_Error : 41 | Error Url=localhost,  Message=
 에러 발생 원인 : System.Web
 에러 메시지    : '/Admin/Member/DuplicationCheck.aspx' 파일이 없습니다.
 Stack Trace    :    위치: System.Web.UI.Util.CheckVirtualFileExists(VirtualPath virtualPath)
   위치: System.Web.Compilation.BuildManager.GetVPathBuildResultInternal(VirtualPath virtualPath, Boolean noBuild, Boolean allowCrossApp, Boolean allowBuildInPrecompile, Boolean throwIfNotFound, Boolean ensureIsUpToDate)
   위치: System.Web.Compilation.BuildManager.GetVPathBuildResultWithNoAssert(HttpContext context, VirtualPath virtualPath, Boolean noBuild, Boolean allowCrossApp, Boolean allowBuildInPrecompile, Boolean throwIfNotFound, Boolean ensureIsUpToDate)
   위치: System.Web.Compilation.BuildManager.GetVirtualPathObjectFactory(VirtualPath virtualPath, HttpContext context, Boolean allowCrossApp, Boolean throwIfNotFound)
   위치: System.Web.Compilation.BuildManager.CreateInstanceFromVirtualPath(VirtualPath virtualPath, Type requiredBaseType, HttpContext context, Boolean allowCrossApp)
   위치: System.Web.UI.PageHandlerFactory.GetHandlerHelper(HttpContext context, String requestType, VirtualPath virtualPath, String physicalPath)
   위치: System.Web.UI.PageHandlerFactory.GetHandler(HttpContext context, String requestType, String virtualPath, String path)
   위치: System.Web.HttpApplication.MaterializeHandlerExecutionStep.System.Web.HttpApplication.IExecutionStep.Execute()
   위치: System.Web.HttpApplication.ExecuteStepImpl(IExecutionStep step)
   위치: System.Web.HttpApplication.ExecuteStep(IExecutionStep step, Boolean& completedSynchronously)
 내부 오류      :  | 
2019-05-15 18:01:41.6287 | 10168 | iisexpress | ERROR | ASP.global_asax | ASP.global_asax.Application_Error : 41 | Error Url=localhost,  Message=
 에러 발생 원인 : System.Web
 에러 메시지    : '/Admin/Member/DuplicationCheck.aspx' 파일이 없습니다.
 Stack Trace    :    위치: System.Web.UI.Util.CheckVirtualFileExists(VirtualPath virtualPath)
   위치: System.Web.Compilation.BuildManager.GetVPathBuildResultInternal(VirtualPath virtualPath, Boolean noBuild, Boolean allowCrossApp, Boolean allowBuildInPrecompile, Boolean throwIfNotFound, Boolean ensureIsUpToDate)
   위치: System.Web.Compilation.BuildManager.GetVPathBuildResultWithNoAssert(HttpContext context, VirtualPath virtualPath, Boolean noBuild, Boolean allowCrossApp, Boolean allowBuildInPrecompile, Boolean throwIfNotFound, Boolean ensureIsUpToDate)
   위치: System.Web.Compilation.BuildManager.GetVirtualPathObjectFactory(VirtualPath virtualPath, HttpContext context, Boolean allowCrossApp, Boolean throwIfNotFound)
   위치: System.Web.Compilation.BuildManager.CreateInstanceFromVirtualPath(VirtualPath virtualPath, Type requiredBaseType, HttpContext context, Boolean allowCrossApp)
   위치: System.Web.UI.PageHandlerFactory.GetHandlerHelper(HttpContext context, String requestType, VirtualPath virtualPath, String physicalPath)
   위치: System.Web.UI.PageHandlerFactory.GetHandler(HttpContext context, String requestType, String virtualPath, String path)
   위치: System.Web.HttpApplication.MaterializeHandlerExecutionStep.System.Web.HttpApplication.IExecutionStep.Execute()
   위치: System.Web.HttpApplication.ExecuteStepImpl(IExecutionStep step)
   위치: System.Web.HttpApplication.ExecuteStep(IExecutionStep step, Boolean& completedSynchronously)
 내부 오류      :  | 
2019-05-15 18:02:22.2918 | 10168 | iisexpress | ERROR | ASP.global_asax | ASP.global_asax.Application_Error : 41 | Error Url=localhost,  Message=
 에러 발생 원인 : System.Web
 에러 메시지    : '/Admin/Member/DuplicationCheck.aspx' 파일이 없습니다.
 Stack Trace    :    위치: System.Web.UI.Util.CheckVirtualFileExists(VirtualPath virtualPath)
   위치: System.Web.Compilation.BuildManager.GetVPathBuildResultInternal(VirtualPath virtualPath, Boolean noBuild, Boolean allowCrossApp, Boolean allowBuildInPrecompile, Boolean throwIfNotFound, Boolean ensureIsUpToDate)
   위치: System.Web.Compilation.BuildManager.GetVPathBuildResultWithNoAssert(HttpContext context, VirtualPath virtualPath, Boolean noBuild, Boolean allowCrossApp, Boolean allowBuildInPrecompile, Boolean throwIfNotFound, Boolean ensureIsUpToDate)
   위치: System.Web.Compilation.BuildManager.GetVirtualPathObjectFactory(VirtualPath virtualPath, HttpContext context, Boolean allowCrossApp, Boolean throwIfNotFound)
   위치: System.Web.Compilation.BuildManager.CreateInstanceFromVirtualPath(VirtualPath virtualPath, Type requiredBaseType, HttpContext context, Boolean allowCrossApp)
   위치: System.Web.UI.PageHandlerFactory.GetHandlerHelper(HttpContext context, String requestType, VirtualPath virtualPath, String physicalPath)
   위치: System.Web.UI.PageHandlerFactory.GetHandler(HttpContext context, String requestType, String virtualPath, String path)
   위치: System.Web.HttpApplication.MaterializeHandlerExecutionStep.System.Web.HttpApplication.IExecutionStep.Execute()
   위치: System.Web.HttpApplication.ExecuteStepImpl(IExecutionStep step)
   위치: System.Web.HttpApplication.ExecuteStep(IExecutionStep step, Boolean& completedSynchronously)
 내부 오류      :  | 
